<?xml version="1.0" encoding="UTF-8"?>
<!-- Generated by org.testng.reporters.JUnitReportReporter -->
<testsuite hostname="DESKTOP-44FA490" name="com.google.test.GoogleTest" tests="3" failures="0" timestamp="26 May 2017 13:06:25 GMT" time="6.062" errors="0">
  <testcase name="googleSearchTextByEnter" time="1.817" classname="com.google.test.GoogleTest"/>
  <testcase name="googleSignInWrongEmail" time="1.770" classname="com.google.test.GoogleTest"/>
  <testcase name="googleSearchTextByClick" time="2.475" classname="com.google.test.GoogleTest"/>
</testsuite> <!-- com.google.test.GoogleTest -->
