<?xml version="1.0" encoding="UTF-8"?>
<!-- Generated by org.testng.reporters.JUnitReportReporter -->
<testsuite hostname="DESKTOP-44FA490" name="GoogleTest" tests="3" failures="0" timestamp="26 May 2017 09:51:50 GMT" time="6.269" errors="0">
  <testcase name="googleSearchTextByEnter" time="1.833" classname="GoogleTest"/>
  <testcase name="googleSignInWrongEmail" time="1.665" classname="GoogleTest"/>
  <testcase name="googleSearchTextByClick" time="2.771" classname="GoogleTest"/>
</testsuite> <!-- GoogleTest -->
